# JRE version: OpenJDK Runtime Environment (17.0.11) (build 17.0.11+0--11852314)
# Java VM: OpenJDK 64-Bit Server VM (17.0.11+0--11852314, mixed mode, tiered, compressed oops, compressed class ptrs, g1 gc, windows-amd64)
GC Precious Log:
 CPUs: 12 total, 12 available
 Memory: 16128M
 Large Page Support: Disabled
 NUMA Support: Disabled
 Compressed Oops: Enabled (32-bit)
 Heap Region Size: 1M
 Heap Min Capacity: 8M
 Heap Initial Capacity: 254M
 Heap Max Capacity: 2G
 Pre-touch: Disabled
 Parallel Workers: 10
 Concurrent Workers: 3
 Concurrent Refinement Workers: 10
 Periodic GC: Disabled
Heap:
 garbage-first heap   total 318464K, used 230762K [0x0000000080000000, 0x0000000100000000)
  region size 1024K, 9 young (9216K), 2 survivors (2048K)
 Metaspace       used 169693K, committed 170624K, reserved 1245184K
  class space    used 22090K, committed 22528K, reserved 1048576K
GC Heap History (20 events):
Event: 8.749 GC heap before
{Heap before GC invocations=41 (full 0):
 garbage-first heap   total 254976K, used 217209K [0x0000000080000000, 0x0000000100000000)
  region size 1024K, 46 young (47104K), 6 survivors (6144K)
 Metaspace       used 141833K, committed 142656K, reserved 1179648K
  class space    used 18497K, committed 18880K, reserved 1048576K
}
Event: 8.753 GC heap after
{Heap after GC invocations=42 (full 0):
 garbage-first heap   total 254976K, used 182000K [0x0000000080000000, 0x0000000100000000)
  region size 1024K, 6 young (6144K), 6 survivors (6144K)
 Metaspace       used 141833K, committed 142656K, reserved 1179648K
  class space    used 18497K, committed 18880K, reserved 1048576K
}
Event: 8.840 GC heap before
{Heap before GC invocations=42 (full 0):
 garbage-first heap   total 254976K, used 219888K [0x0000000080000000, 0x0000000100000000)
  region size 1024K, 42 young (43008K), 6 survivors (6144K)
 Metaspace       used 141996K, committed 142848K, reserved 1179648K
  class space    used 18505K, committed 18880K, reserved 1048576K
}
Event: 8.844 GC heap after
{Heap after GC invocations=43 (full 0):
 garbage-first heap   total 254976K, used 187566K [0x0000000080000000, 0x0000000100000000)
  region size 1024K, 6 young (6144K), 6 survivors (6144K)
 Metaspace       used 141996K, committed 142848K, reserved 1179648K
  class space    used 18505K, committed 18880K, reserved 1048576K
}
Event: 8.941 GC heap before
{Heap before GC invocations=43 (full 0):
 garbage-first heap   total 254976K, used 217262K [0x0000000080000000, 0x0000000100000000)
  region size 1024K, 35 young (35840K), 6 survivors (6144K)
 Metaspace       used 142255K, committed 143104K, reserved 1179648K
  class space    used 18513K, committed 18880K, reserved 1048576K
}
Event: 8.944 GC heap after
{Heap after GC invocations=44 (full 0):
 garbage-first heap   total 254976K, used 191126K [0x0000000080000000, 0x0000000100000000)
  region size 1024K, 4 young (4096K), 4 survivors (4096K)
 Metaspace       used 142255K, committed 143104K, reserved 1179648K
  class space    used 18513K, committed 18880K, reserved 1048576K
}
Event: 8.972 GC heap before
{Heap before GC invocations=44 (full 0):
 garbage-first heap   total 254976K, used 219798K [0x0000000080000000, 0x0000000100000000)
  region size 1024K, 32 young (32768K), 4 survivors (4096K)
 Metaspace       used 142292K, committed 143104K, reserved 1179648K
  class space    used 18513K, committed 18880K, reserved 1048576K
}
Event: 8.974 GC heap after
{Heap after GC invocations=45 (full 0):
 garbage-first heap   total 254976K, used 193984K [0x0000000080000000, 0x0000000100000000)
  region size 1024K, 3 young (3072K), 3 survivors (3072K)
 Metaspace       used 142292K, committed 143104K, reserved 1179648K
  class space    used 18513K, committed 18880K, reserved 1048576K
}
Event: 9.235 GC heap before
{Heap before GC invocations=45 (full 0):
 garbage-first heap   total 254976K, used 220608K [0x0000000080000000, 0x0000000100000000)
  region size 1024K, 29 young (29696K), 3 survivors (3072K)
 Metaspace       used 143586K, committed 144448K, reserved 1179648K
  class space    used 18612K, committed 19008K, reserved 1048576K
}
Event: 9.238 GC heap after
{Heap after GC invocations=46 (full 0):
 garbage-first heap   total 318464K, used 198066K [0x0000000080000000, 0x0000000100000000)
  region size 1024K, 4 young (4096K), 4 survivors (4096K)
 Metaspace       used 143586K, committed 144448K, reserved 1179648K
  class space    used 18612K, committed 19008K, reserved 1048576K
}
Event: 9.790 GC heap before
{Heap before GC invocations=46 (full 0):
 garbage-first heap   total 318464K, used 264626K [0x0000000080000000, 0x0000000100000000)
  region size 1024K, 70 young (71680K), 4 survivors (4096K)
 Metaspace       used 148668K, committed 149568K, reserved 1179648K
  class space    used 19156K, committed 19584K, reserved 1048576K
}
Event: 9.794 GC heap after
{Heap after GC invocations=47 (full 0):
 garbage-first heap   total 318464K, used 201651K [0x0000000080000000, 0x0000000100000000)
  region size 1024K, 8 young (8192K), 8 survivors (8192K)
 Metaspace       used 148668K, committed 149568K, reserved 1179648K
  class space    used 19156K, committed 19584K, reserved 1048576K
}
Event: 10.154 GC heap before
{Heap before GC invocations=47 (full 0):
 garbage-first heap   total 318464K, used 268211K [0x0000000080000000, 0x0000000100000000)
  region size 1024K, 72 young (73728K), 8 survivors (8192K)
 Metaspace       used 153177K, committed 154048K, reserved 1245184K
  class space    used 19950K, committed 20352K, reserved 1048576K
}
Event: 10.158 GC heap after
{Heap after GC invocations=48 (full 0):
 garbage-first heap   total 318464K, used 203782K [0x0000000080000000, 0x0000000100000000)
  region size 1024K, 6 young (6144K), 6 survivors (6144K)
 Metaspace       used 153177K, committed 154048K, reserved 1245184K
  class space    used 19950K, committed 20352K, reserved 1048576K
}
Event: 10.542 GC heap before
{Heap before GC invocations=48 (full 0):
 garbage-first heap   total 318464K, used 274438K [0x0000000080000000, 0x0000000100000000)
  region size 1024K, 71 young (72704K), 6 survivors (6144K)
 Metaspace       used 158364K, committed 159296K, reserved 1245184K
  class space    used 20549K, committed 20992K, reserved 1048576K
}
Event: 10.546 GC heap after
{Heap after GC invocations=49 (full 0):
 garbage-first heap   total 318464K, used 202265K [0x0000000080000000, 0x0000000100000000)
  region size 1024K, 8 young (8192K), 8 survivors (8192K)
 Metaspace       used 158364K, committed 159296K, reserved 1245184K
  class space    used 20549K, committed 20992K, reserved 1048576K
}
Event: 10.916 GC heap before
{Heap before GC invocations=49 (full 0):
 garbage-first heap   total 318464K, used 285209K [0x0000000080000000, 0x0000000100000000)
  region size 1024K, 74 young (75776K), 8 survivors (8192K)
 Metaspace       used 164070K, committed 164992K, reserved 1245184K
  class space    used 21376K, committed 21824K, reserved 1048576K
}
Event: 10.921 GC heap after
{Heap after GC invocations=50 (full 0):
 garbage-first heap   total 318464K, used 227336K [0x0000000080000000, 0x0000000100000000)
  region size 1024K, 9 young (9216K), 9 survivors (9216K)
 Metaspace       used 164070K, committed 164992K, reserved 1245184K
  class space    used 21376K, committed 21824K, reserved 1048576K
}
Event: 11.222 GC heap before
{Heap before GC invocations=50 (full 0):
 garbage-first heap   total 318464K, used 274440K [0x0000000080000000, 0x0000000100000000)
  region size 1024K, 53 young (54272K), 9 survivors (9216K)
 Metaspace       used 169204K, committed 170112K, reserved 1245184K
  class space    used 21982K, committed 22400K, reserved 1048576K
}
Event: 11.225 GC heap after
{Heap after GC invocations=51 (full 0):
 garbage-first heap   total 318464K, used 228714K [0x0000000080000000, 0x0000000100000000)
  region size 1024K, 2 young (2048K), 2 survivors (2048K)
 Metaspace       used 169204K, committed 170112K, reserved 1245184K
  class space    used 21982K, committed 22400K, reserved 1048576K
}

