# JRE version: OpenJDK Runtime Environment (17.0.11) (build 17.0.11+0--11852314)
# Java VM: OpenJDK 64-Bit Server VM (17.0.11+0--11852314, mixed mode, tiered, compressed oops, compressed class ptrs, g1 gc, windows-amd64)
GC Precious Log:
 CPUs: 12 total, 12 available
 Memory: 16128M
 Large Page Support: Disabled
 NUMA Support: Disabled
 Compressed Oops: Enabled (32-bit)
 Heap Region Size: 1M
 Heap Min Capacity: 8M
 Heap Initial Capacity: 254M
 Heap Max Capacity: 2G
 Pre-touch: Disabled
 Parallel Workers: 10
 Concurrent Workers: 3
 Concurrent Refinement Workers: 10
 Periodic GC: Disabled
Heap:
 garbage-first heap   total 304128K, used 172335K [0x0000000080000000, 0x0000000100000000)
  region size 1024K, 2 young (2048K), 2 survivors (2048K)
 Metaspace       used 105646K, committed 106496K, reserved 1179648K
  class space    used 14394K, committed 14784K, reserved 1048576K
GC Heap History (20 events):
Event: 6.270 GC heap after
{Heap after GC invocations=36 (full 0):
 garbage-first heap   total 276480K, used 129944K [0x0000000080000000, 0x0000000100000000)
  region size 1024K, 2 young (2048K), 2 survivors (2048K)
 Metaspace       used 96802K, committed 97536K, reserved 1179648K
  class space    used 13290K, committed 13632K, reserved 1048576K
}
Event: 6.745 GC heap before
{Heap before GC invocations=36 (full 0):
 garbage-first heap   total 276480K, used 248728K [0x0000000080000000, 0x0000000100000000)
  region size 1024K, 98 young (100352K), 2 survivors (2048K)
 Metaspace       used 105295K, committed 106112K, reserved 1179648K
  class space    used 14347K, committed 14720K, reserved 1048576K
}
Event: 6.749 GC heap after
{Heap after GC invocations=37 (full 0):
 garbage-first heap   total 276480K, used 157576K [0x0000000080000000, 0x0000000100000000)
  region size 1024K, 13 young (13312K), 13 survivors (13312K)
 Metaspace       used 105295K, committed 106112K, reserved 1179648K
  class space    used 14347K, committed 14720K, reserved 1048576K
}
Event: 6.929 GC heap before
{Heap before GC invocations=37 (full 0):
 garbage-first heap   total 276480K, used 229256K [0x0000000080000000, 0x0000000100000000)
  region size 1024K, 83 young (84992K), 13 survivors (13312K)
 Metaspace       used 105645K, committed 106496K, reserved 1179648K
  class space    used 14394K, committed 14784K, reserved 1048576K
}
Event: 6.933 GC heap after
{Heap after GC invocations=38 (full 0):
 garbage-first heap   total 276480K, used 162668K [0x0000000080000000, 0x0000000100000000)
  region size 1024K, 5 young (5120K), 5 survivors (5120K)
 Metaspace       used 105645K, committed 106496K, reserved 1179648K
  class space    used 14394K, committed 14784K, reserved 1048576K
}
Event: 7.093 GC heap before
{Heap before GC invocations=38 (full 0):
 garbage-first heap   total 276480K, used 232300K [0x0000000080000000, 0x0000000100000000)
  region size 1024K, 73 young (74752K), 5 survivors (5120K)
 Metaspace       used 105645K, committed 106496K, reserved 1179648K
  class space    used 14394K, committed 14784K, reserved 1048576K
}
Event: 7.096 GC heap after
{Heap after GC invocations=39 (full 0):
 garbage-first heap   total 276480K, used 164396K [0x0000000080000000, 0x0000000100000000)
  region size 1024K, 7 young (7168K), 7 survivors (7168K)
 Metaspace       used 105645K, committed 106496K, reserved 1179648K
  class space    used 14394K, committed 14784K, reserved 1048576K
}
Event: 7.256 GC heap before
{Heap before GC invocations=40 (full 0):
 garbage-first heap   total 286720K, used 231980K [0x0000000080000000, 0x0000000100000000)
  region size 1024K, 74 young (75776K), 7 survivors (7168K)
 Metaspace       used 105646K, committed 106496K, reserved 1179648K
  class space    used 14394K, committed 14784K, reserved 1048576K
}
Event: 7.259 GC heap after
{Heap after GC invocations=41 (full 0):
 garbage-first heap   total 286720K, used 165320K [0x0000000080000000, 0x0000000100000000)
  region size 1024K, 7 young (7168K), 7 survivors (7168K)
 Metaspace       used 105646K, committed 106496K, reserved 1179648K
  class space    used 14394K, committed 14784K, reserved 1048576K
}
Event: 7.277 GC heap before
{Heap before GC invocations=41 (full 0):
 garbage-first heap   total 286720K, used 172488K [0x0000000080000000, 0x0000000100000000)
  region size 1024K, 14 young (14336K), 7 survivors (7168K)
 Metaspace       used 105646K, committed 106496K, reserved 1179648K
  class space    used 14394K, committed 14784K, reserved 1048576K
}
Event: 7.279 GC heap after
{Heap after GC invocations=42 (full 0):
 garbage-first heap   total 286720K, used 163478K [0x0000000080000000, 0x0000000100000000)
  region size 1024K, 2 young (2048K), 2 survivors (2048K)
 Metaspace       used 105646K, committed 106496K, reserved 1179648K
  class space    used 14394K, committed 14784K, reserved 1048576K
}
Event: 7.479 GC heap before
{Heap before GC invocations=42 (full 0):
 garbage-first heap   total 286720K, used 238230K [0x0000000080000000, 0x0000000100000000)
  region size 1024K, 75 young (76800K), 2 survivors (2048K)
 Metaspace       used 105646K, committed 106496K, reserved 1179648K
  class space    used 14394K, committed 14784K, reserved 1048576K
}
Event: 7.482 GC heap after
{Heap after GC invocations=43 (full 0):
 garbage-first heap   total 286720K, used 167152K [0x0000000080000000, 0x0000000100000000)
  region size 1024K, 6 young (6144K), 6 survivors (6144K)
 Metaspace       used 105646K, committed 106496K, reserved 1179648K
  class space    used 14394K, committed 14784K, reserved 1048576K
}
Event: 7.657 GC heap before
{Heap before GC invocations=43 (full 0):
 garbage-first heap   total 286720K, used 239856K [0x0000000080000000, 0x0000000100000000)
  region size 1024K, 77 young (78848K), 6 survivors (6144K)
 Metaspace       used 105646K, committed 106496K, reserved 1179648K
  class space    used 14394K, committed 14784K, reserved 1048576K
}
Event: 7.660 GC heap after
{Heap after GC invocations=44 (full 0):
 garbage-first heap   total 286720K, used 169877K [0x0000000080000000, 0x0000000100000000)
  region size 1024K, 6 young (6144K), 6 survivors (6144K)
 Metaspace       used 105646K, committed 106496K, reserved 1179648K
  class space    used 14394K, committed 14784K, reserved 1048576K
}
Event: 7.791 GC heap before
{Heap before GC invocations=44 (full 0):
 garbage-first heap   total 286720K, used 240533K [0x0000000080000000, 0x0000000100000000)
  region size 1024K, 75 young (76800K), 6 survivors (6144K)
 Metaspace       used 105646K, committed 106496K, reserved 1179648K
  class space    used 14394K, committed 14784K, reserved 1048576K
}
Event: 7.794 GC heap after
{Heap after GC invocations=45 (full 0):
 garbage-first heap   total 286720K, used 171839K [0x0000000080000000, 0x0000000100000000)
  region size 1024K, 8 young (8192K), 8 survivors (8192K)
 Metaspace       used 105646K, committed 106496K, reserved 1179648K
  class space    used 14394K, committed 14784K, reserved 1048576K
}
Event: 7.941 GC heap before
{Heap before GC invocations=46 (full 0):
 garbage-first heap   total 304128K, used 241471K [0x0000000080000000, 0x0000000100000000)
  region size 1024K, 76 young (77824K), 8 survivors (8192K)
 Metaspace       used 105646K, committed 106496K, reserved 1179648K
  class space    used 14394K, committed 14784K, reserved 1048576K
}
Event: 7.945 GC heap after
{Heap after GC invocations=47 (full 0):
 garbage-first heap   total 304128K, used 173649K [0x0000000080000000, 0x0000000100000000)
  region size 1024K, 7 young (7168K), 7 survivors (7168K)
 Metaspace       used 105646K, committed 106496K, reserved 1179648K
  class space    used 14394K, committed 14784K, reserved 1048576K
}
Event: 7.959 GC heap before
{Heap before GC invocations=47 (full 0):
 garbage-first heap   total 304128K, used 180817K [0x0000000080000000, 0x0000000100000000)
  region size 1024K, 14 young (14336K), 7 survivors (7168K)
 Metaspace       used 105646K, committed 106496K, reserved 1179648K
  class space    used 14394K, committed 14784K, reserved 1048576K
}

