# JRE version: OpenJDK Runtime Environment (17.0.11) (build 17.0.11+0--11852314)
# Java VM: OpenJDK 64-Bit Server VM (17.0.11+0--11852314, mixed mode, tiered, compressed oops, compressed class ptrs, g1 gc, windows-amd64)
GC Precious Log:
 CPUs: 12 total, 12 available
 Memory: 16128M
 Large Page Support: Disabled
 NUMA Support: Disabled
 Compressed Oops: Enabled (32-bit)
 Heap Region Size: 1M
 Heap Min Capacity: 8M
 Heap Initial Capacity: 254M
 Heap Max Capacity: 2G
 Pre-touch: Disabled
 Parallel Workers: 10
 Concurrent Workers: 3
 Concurrent Refinement Workers: 10
 Periodic GC: Disabled
Heap:
 garbage-first heap   total 238592K, used 164141K [0x0000000080000000, 0x0000000100000000)
  region size 1024K, 62 young (63488K), 7 survivors (7168K)
 Metaspace       used 106299K, committed 107072K, reserved 1179648K
  class space    used 14583K, committed 14976K, reserved 1048576K
GC Heap History (20 events):
Event: 8.309 GC heap before
{Heap before GC invocations=30 (full 0):
 garbage-first heap   total 171008K, used 87487K [0x0000000080000000, 0x0000000100000000)
  region size 1024K, 8 young (8192K), 5 survivors (5120K)
 Metaspace       used 82257K, committed 82816K, reserved 1179648K
  class space    used 11122K, committed 11392K, reserved 1048576K
}
Event: 8.311 GC heap after
{Heap after GC invocations=31 (full 0):
 garbage-first heap   total 171008K, used 85926K [0x0000000080000000, 0x0000000100000000)
  region size 1024K, 1 young (1024K), 1 survivors (1024K)
 Metaspace       used 82257K, committed 82816K, reserved 1179648K
  class space    used 11122K, committed 11392K, reserved 1048576K
}
Event: 8.801 GC heap before
{Heap before GC invocations=31 (full 0):
 garbage-first heap   total 171008K, used 139174K [0x0000000080000000, 0x0000000100000000)
  region size 1024K, 52 young (53248K), 1 survivors (1024K)
 Metaspace       used 86082K, committed 86656K, reserved 1179648K
  class space    used 11649K, committed 11904K, reserved 1048576K
}
Event: 8.803 GC heap after
{Heap after GC invocations=32 (full 0):
 garbage-first heap   total 171008K, used 86971K [0x0000000080000000, 0x0000000100000000)
  region size 1024K, 2 young (2048K), 2 survivors (2048K)
 Metaspace       used 86082K, committed 86656K, reserved 1179648K
  class space    used 11649K, committed 11904K, reserved 1048576K
}
Event: 9.293 GC heap before
{Heap before GC invocations=33 (full 0):
 garbage-first heap   total 171008K, used 139195K [0x0000000080000000, 0x0000000100000000)
  region size 1024K, 53 young (54272K), 2 survivors (2048K)
 Metaspace       used 89828K, committed 90496K, reserved 1179648K
  class space    used 12360K, committed 12672K, reserved 1048576K
}
Event: 9.294 GC heap after
{Heap after GC invocations=34 (full 0):
 garbage-first heap   total 171008K, used 88771K [0x0000000080000000, 0x0000000100000000)
  region size 1024K, 4 young (4096K), 4 survivors (4096K)
 Metaspace       used 89828K, committed 90496K, reserved 1179648K
  class space    used 12360K, committed 12672K, reserved 1048576K
}
Event: 9.325 GC heap before
{Heap before GC invocations=34 (full 0):
 garbage-first heap   total 171008K, used 92867K [0x0000000080000000, 0x0000000100000000)
  region size 1024K, 8 young (8192K), 4 survivors (4096K)
 Metaspace       used 90148K, committed 90816K, reserved 1179648K
  class space    used 12408K, committed 12736K, reserved 1048576K
}
Event: 9.327 GC heap after
{Heap after GC invocations=35 (full 0):
 garbage-first heap   total 171008K, used 88709K [0x0000000080000000, 0x0000000100000000)
  region size 1024K, 1 young (1024K), 1 survivors (1024K)
 Metaspace       used 90148K, committed 90816K, reserved 1179648K
  class space    used 12408K, committed 12736K, reserved 1048576K
}
Event: 9.807 GC heap before
{Heap before GC invocations=35 (full 0):
 garbage-first heap   total 171008K, used 141957K [0x0000000080000000, 0x0000000100000000)
  region size 1024K, 53 young (54272K), 1 survivors (1024K)
 Metaspace       used 93911K, committed 94592K, reserved 1179648K
  class space    used 12955K, committed 13312K, reserved 1048576K
}
Event: 9.810 GC heap after
{Heap after GC invocations=36 (full 0):
 garbage-first heap   total 171008K, used 91145K [0x0000000080000000, 0x0000000100000000)
  region size 1024K, 4 young (4096K), 4 survivors (4096K)
 Metaspace       used 93911K, committed 94592K, reserved 1179648K
  class space    used 12955K, committed 13312K, reserved 1048576K
}
Event: 10.223 GC heap before
{Heap before GC invocations=36 (full 0):
 garbage-first heap   total 171008K, used 142345K [0x0000000080000000, 0x0000000100000000)
  region size 1024K, 54 young (55296K), 4 survivors (4096K)
 Metaspace       used 98622K, committed 99392K, reserved 1179648K
  class space    used 13653K, committed 14016K, reserved 1048576K
}
Event: 10.226 GC heap after
{Heap after GC invocations=37 (full 0):
 garbage-first heap   total 171008K, used 93456K [0x0000000080000000, 0x0000000100000000)
  region size 1024K, 6 young (6144K), 6 survivors (6144K)
 Metaspace       used 98622K, committed 99392K, reserved 1179648K
  class space    used 13653K, committed 14016K, reserved 1048576K
}
Event: 10.623 GC heap before
{Heap before GC invocations=37 (full 0):
 garbage-first heap   total 171008K, used 142608K [0x0000000080000000, 0x0000000100000000)
  region size 1024K, 55 young (56320K), 6 survivors (6144K)
 Metaspace       used 101627K, committed 102400K, reserved 1179648K
  class space    used 14029K, committed 14400K, reserved 1048576K
}
Event: 10.626 GC heap after
{Heap after GC invocations=38 (full 0):
 garbage-first heap   total 171008K, used 97439K [0x0000000080000000, 0x0000000100000000)
  region size 1024K, 7 young (7168K), 7 survivors (7168K)
 Metaspace       used 101627K, committed 102400K, reserved 1179648K
  class space    used 14029K, committed 14400K, reserved 1048576K
}
Event: 11.002 GC heap before
{Heap before GC invocations=38 (full 0):
 garbage-first heap   total 171008K, used 147615K [0x0000000080000000, 0x0000000100000000)
  region size 1024K, 52 young (53248K), 7 survivors (7168K)
 Metaspace       used 105047K, committed 105792K, reserved 1179648K
  class space    used 14427K, committed 14784K, reserved 1048576K
}
Event: 11.007 GC heap after
{Heap after GC invocations=39 (full 0):
 garbage-first heap   total 171008K, used 104381K [0x0000000080000000, 0x0000000100000000)
  region size 1024K, 7 young (7168K), 7 survivors (7168K)
 Metaspace       used 105047K, committed 105792K, reserved 1179648K
  class space    used 14427K, committed 14784K, reserved 1048576K
}
Event: 11.076 GC heap before
{Heap before GC invocations=39 (full 0):
 garbage-first heap   total 171008K, used 141245K [0x0000000080000000, 0x0000000100000000)
  region size 1024K, 44 young (45056K), 7 survivors (7168K)
 Metaspace       used 105105K, committed 105856K, reserved 1179648K
  class space    used 14429K, committed 14784K, reserved 1048576K
}
Event: 11.080 GC heap after
{Heap after GC invocations=40 (full 0):
 garbage-first heap   total 238592K, used 106422K [0x0000000080000000, 0x0000000100000000)
  region size 1024K, 4 young (4096K), 4 survivors (4096K)
 Metaspace       used 105105K, committed 105856K, reserved 1179648K
  class space    used 14429K, committed 14784K, reserved 1048576K
}
Event: 11.466 GC heap before
{Heap before GC invocations=40 (full 0):
 garbage-first heap   total 238592K, used 191414K [0x0000000080000000, 0x0000000100000000)
  region size 1024K, 88 young (90112K), 4 survivors (4096K)
 Metaspace       used 105892K, committed 106624K, reserved 1179648K
  class space    used 14537K, committed 14912K, reserved 1048576K
}
Event: 11.469 GC heap after
{Heap after GC invocations=41 (full 0):
 garbage-first heap   total 238592K, used 109869K [0x0000000080000000, 0x0000000100000000)
  region size 1024K, 7 young (7168K), 7 survivors (7168K)
 Metaspace       used 105892K, committed 106624K, reserved 1179648K
  class space    used 14537K, committed 14912K, reserved 1048576K
}

